TN:
SF:src/app/app.component.ts
FN:21,(anonymous_0)
FNF:1
FNH:1
FNDA:3,(anonymous_0)
DA:21,1
DA:22,3
LF:2
LH:2
BRF:0
BRH:0
end_of_record
TN:
SF:src/app/core/models/task.model.ts
FN:61,isTaskStatus
FN:66,isTask
FN:79,createTaskId
FNF:3
FNH:1
FNDA:0,isTaskStatus
FNDA:0,isTask
FNDA:135,createTaskId
DA:5,1
DA:62,0
DA:67,0
DA:80,135
DA:84,1
DA:91,1
LF:6
LH:4
BRDA:62,0,0,0
BRDA:62,0,1,0
BRDA:68,1,0,0
BRDA:68,1,1,0
BRDA:68,1,2,0
BRDA:68,1,3,0
BRDA:68,1,4,0
BRDA:68,1,5,0
BRDA:68,1,6,0
BRF:9
BRH:0
end_of_record
TN:
SF:src/app/core/services/task.service.ts
FN:74,(anonymous_0)
FN:23,(anonymous_1)
FN:30,(anonymous_2)
FN:38,(anonymous_3)
FN:43,(anonymous_4)
FN:64,(anonymous_5)
FN:68,(anonymous_6)
FN:69,(anonymous_7)
FN:70,(anonymous_8)
FN:76,(anonymous_9)
FN:80,(anonymous_10)
FN:96,(anonymous_11)
FN:105,(anonymous_12)
FN:107,(anonymous_13)
FN:108,(anonymous_14)
FN:128,(anonymous_15)
FN:130,(anonymous_16)
FN:130,(anonymous_17)
FN:139,(anonymous_18)
FN:140,(anonymous_19)
FN:144,(anonymous_20)
FN:148,(anonymous_21)
FN:152,(anonymous_22)
FN:156,(anonymous_23)
FN:157,(anonymous_24)
FN:164,(anonymous_25)
FN:166,(anonymous_26)
FN:169,(anonymous_27)
FN:174,(anonymous_28)
FN:179,(anonymous_29)
FN:191,(anonymous_30)
FN:201,(anonymous_31)
FN:230,(anonymous_32)
FNF:33
FNH:33
FNDA:20,(anonymous_0)
FNDA:6,(anonymous_1)
FNDA:12,(anonymous_2)
FNDA:10,(anonymous_3)
FNDA:31,(anonymous_4)
FNDA:1,(anonymous_5)
FNDA:6,(anonymous_6)
FNDA:6,(anonymous_7)
FNDA:6,(anonymous_8)
FNDA:58,(anonymous_9)
FNDA:33,(anonymous_10)
FNDA:29,(anonymous_11)
FNDA:1,(anonymous_12)
FNDA:1,(anonymous_13)
FNDA:4,(anonymous_14)
FNDA:1,(anonymous_15)
FNDA:1,(anonymous_16)
FNDA:4,(anonymous_17)
FNDA:3,(anonymous_18)
FNDA:11,(anonymous_19)
FNDA:2,(anonymous_20)
FNDA:3,(anonymous_21)
FNDA:3,(anonymous_22)
FNDA:1,(anonymous_23)
FNDA:1,(anonymous_24)
FNDA:4,(anonymous_25)
FNDA:1,(anonymous_26)
FNDA:33,(anonymous_27)
FNDA:20,(anonymous_28)
FNDA:1,(anonymous_29)
FNDA:89,(anonymous_30)
FNDA:19,(anonymous_31)
FNDA:29,(anonymous_32)
DA:7,1
DA:9,20
DA:10,20
DA:11,20
DA:12,20
DA:13,20
DA:16,20
DA:17,20
DA:18,20
DA:19,20
DA:20,20
DA:23,20
DA:24,6
DA:25,6
DA:26,6
DA:29,6
DA:30,2
DA:31,12
DA:37,6
DA:38,10
DA:42,6
DA:43,6
DA:44,31
DA:46,31
DA:48,20
DA:49,20
DA:51,11
DA:52,11
DA:54,0
DA:55,0
DA:58,31
DA:61,6
DA:64,20
DA:65,1
DA:66,1
DA:68,6
DA:69,6
DA:70,6
DA:76,58
DA:81,33
DA:82,33
DA:83,4
DA:84,4
DA:87,29
DA:96,29
DA:97,29
DA:98,29
DA:100,0
DA:101,0
DA:106,1
DA:107,1
DA:108,1
DA:109,4
DA:120,1
DA:121,1
DA:123,0
DA:124,0
DA:129,1
DA:130,4
DA:131,1
DA:132,1
DA:134,0
DA:135,0
DA:140,11
DA:145,2
DA:149,3
DA:153,3
DA:157,1
DA:165,4
DA:166,4
DA:170,33
DA:175,20
DA:176,20
DA:177,20
DA:178,1
DA:179,1
DA:186,0
DA:188,19
DA:192,89
DA:193,89
DA:195,0
DA:196,0
DA:202,19
DA:231,29
LF:84
LH:73
BRDA:29,0,0,2
BRDA:31,1,0,12
BRDA:31,1,1,8
BRDA:37,2,0,2
BRDA:46,3,0,20
BRDA:46,3,1,11
BRDA:46,3,2,0
BRDA:58,4,0,10
BRDA:58,4,1,21
BRDA:82,5,0,4
BRDA:109,6,0,1
BRDA:109,6,1,3
BRDA:113,7,0,1
BRDA:113,7,1,0
BRDA:114,8,0,1
BRDA:114,8,1,1
BRDA:159,9,0,1
BRDA:159,9,1,0
BRDA:177,10,0,1
BRDA:182,11,0,1
BRDA:182,11,1,0
BRF:21
BRH:17
end_of_record
TN:
SF:src/app/features/tasks/task-detail/task-detail.component.ts
FN:22,(anonymous_0)
FN:28,(anonymous_1)
FN:41,(anonymous_2)
FN:45,(anonymous_3)
FN:49,(anonymous_4)
FN:61,(anonymous_5)
FN:69,(anonymous_6)
FN:73,(anonymous_7)
FN:77,(anonymous_8)
FNF:9
FNH:9
FNDA:13,(anonymous_0)
FNDA:8,(anonymous_1)
FNDA:1,(anonymous_2)
FNDA:2,(anonymous_3)
FNDA:1,(anonymous_4)
FNDA:3,(anonymous_5)
FNDA:9,(anonymous_6)
FNDA:9,(anonymous_7)
FNDA:13,(anonymous_8)
DA:18,1
DA:19,13
DA:20,13
DA:23,13
DA:24,13
DA:25,13
DA:29,8
DA:30,8
DA:31,7
DA:32,7
DA:33,6
DA:36,1
DA:42,1
DA:46,2
DA:50,1
DA:52,1
DA:53,1
DA:54,1
DA:55,1
DA:56,1
DA:62,3
DA:63,3
DA:64,1
DA:65,1
DA:70,9
DA:74,9
DA:78,13
LF:27
LH:27
BRDA:30,0,0,7
BRDA:32,1,0,6
BRDA:32,1,1,1
BRDA:53,2,0,1
BRDA:55,3,0,1
BRDA:63,4,0,1
BRDA:63,5,0,3
BRDA:63,5,1,2
BRF:8
BRH:8
end_of_record
TN:
SF:src/app/features/tasks/task-edit/task-edit.component.ts
FN:31,(anonymous_0)
FN:36,(anonymous_1)
FN:40,(anonymous_2)
FN:48,(anonymous_3)
FN:52,(anonymous_4)
FN:56,(anonymous_5)
FN:60,(anonymous_6)
FN:70,(anonymous_7)
FN:80,(anonymous_8)
FN:82,(anonymous_9)
FN:109,(anonymous_10)
FN:113,(anonymous_11)
FN:118,(anonymous_12)
FNF:13
FNH:13
FNDA:14,(anonymous_0)
FNDA:12,(anonymous_1)
FNDA:12,(anonymous_2)
FNDA:7,(anonymous_3)
FNDA:7,(anonymous_4)
FNDA:2,(anonymous_5)
FNDA:2,(anonymous_6)
FNDA:2,(anonymous_7)
FNDA:4,(anonymous_8)
FNDA:6,(anonymous_9)
FNDA:1,(anonymous_10)
FNDA:4,(anonymous_11)
FNDA:1,(anonymous_12)
DA:18,1
DA:19,14
DA:20,14
DA:23,14
DA:25,14
DA:32,14
DA:33,14
DA:37,12
DA:41,12
DA:49,7
DA:53,7
DA:57,2
DA:61,2
DA:62,1
DA:64,1
DA:65,1
DA:67,0
DA:71,2
DA:72,1
DA:74,1
DA:75,1
DA:77,0
DA:81,4
DA:82,2
DA:83,6
DA:85,2
DA:88,2
DA:90,2
DA:91,2
DA:93,2
DA:95,1
DA:98,1
DA:101,2
DA:103,0
DA:105,2
DA:110,1
DA:114,4
DA:115,4
DA:119,1
LF:39
LH:36
BRDA:42,0,0,12
BRDA:42,0,1,10
BRDA:43,1,0,12
BRDA:43,1,1,10
BRDA:44,2,0,12
BRDA:44,2,1,10
BRDA:61,3,0,1
BRDA:61,4,0,2
BRDA:61,4,1,1
BRDA:64,5,0,1
BRDA:64,6,0,1
BRDA:64,6,1,1
BRDA:71,7,0,1
BRDA:71,8,0,2
BRDA:71,8,1,1
BRDA:74,9,0,1
BRDA:74,10,0,1
BRDA:74,10,1,1
BRDA:81,11,0,2
BRDA:93,12,0,1
BRDA:93,12,1,1
BRF:21
BRH:21
end_of_record
TN:
SF:src/app/features/tasks/task-list/task-list.component.ts
FN:51,(anonymous_0)
FN:39,(anonymous_1)
FN:47,(anonymous_2)
FN:56,(anonymous_3)
FN:62,(anonymous_4)
FN:67,(anonymous_5)
FN:73,(anonymous_6)
FN:78,(anonymous_7)
FN:82,(anonymous_8)
FN:86,(anonymous_9)
FN:92,(anonymous_10)
FN:94,(anonymous_11)
FN:98,(anonymous_12)
FN:100,(anonymous_13)
FN:104,(anonymous_14)
FN:130,(anonymous_15)
FN:134,(anonymous_16)
FN:138,(anonymous_17)
FN:148,(anonymous_18)
FNF:19
FNH:17
FNDA:16,(anonymous_0)
FNDA:16,(anonymous_1)
FNDA:18,(anonymous_2)
FNDA:1,(anonymous_3)
FNDA:1,(anonymous_4)
FNDA:1,(anonymous_5)
FNDA:1,(anonymous_6)
FNDA:2,(anonymous_7)
FNDA:1,(anonymous_8)
FNDA:3,(anonymous_9)
FNDA:1,(anonymous_10)
FNDA:1,(anonymous_11)
FNDA:2,(anonymous_12)
FNDA:1,(anonymous_13)
FNDA:0,(anonymous_14)
FNDA:3,(anonymous_15)
FNDA:0,(anonymous_16)
FNDA:1,(anonymous_17)
FNDA:1,(anonymous_18)
DA:26,1
DA:27,16
DA:28,16
DA:29,16
DA:30,16
DA:33,16
DA:34,16
DA:35,16
DA:36,16
DA:39,16
DA:40,16
DA:41,16
DA:42,16
DA:43,16
DA:44,16
DA:47,16
DA:48,18
DA:52,16
DA:53,16
DA:57,1
DA:58,1
DA:59,1
DA:63,1
DA:64,1
DA:68,1
DA:69,1
DA:70,1
DA:75,1
DA:79,2
DA:83,1
DA:87,3
DA:88,1
DA:93,1
DA:94,1
DA:99,2
DA:100,1
DA:105,0
DA:106,0
DA:107,0
DA:109,0
DA:110,0
DA:111,0
DA:114,0
DA:115,0
DA:116,0
DA:117,0
DA:118,0
DA:121,0
DA:122,0
DA:127,0
DA:131,3
DA:135,0
DA:139,1
DA:149,1
LF:54
LH:39
BRDA:87,0,0,1
BRDA:87,1,0,3
BRDA:87,1,1,2
BRDA:93,2,0,1
BRDA:99,3,0,1
BRDA:109,4,0,0
BRDA:109,4,1,0
BRDA:114,5,0,0
BRDA:114,5,1,0
BRDA:116,6,0,0
BRDA:116,6,1,0
BRF:11
BRH:5
end_of_record
TN:
SF:src/app/shared/components/badge/badge.component.ts
FN:18,(anonymous_0)
FN:21,(anonymous_1)
FNF:2
FNH:2
FNDA:6,(anonymous_0)
FNDA:6,(anonymous_1)
DA:18,1
DA:19,6
DA:22,6
DA:24,6
DA:32,6
LF:5
LH:5
BRF:0
BRH:0
end_of_record
TN:
SF:src/app/shared/components/button/button.component.ts
FN:40,(anonymous_0)
FN:51,(anonymous_1)
FN:72,(anonymous_2)
FNF:3
FNH:3
FNDA:55,(anonymous_0)
FNDA:58,(anonymous_1)
FNDA:1,(anonymous_2)
DA:40,1
DA:41,55
DA:42,55
DA:43,55
DA:44,55
DA:45,55
DA:46,55
DA:49,55
DA:52,58
DA:54,58
DA:61,58
DA:67,58
DA:69,58
DA:73,1
DA:74,1
LF:15
LH:15
BRDA:67,0,0,3
BRDA:67,0,1,55
BRDA:73,1,0,1
BRDA:73,2,0,1
BRDA:73,2,1,1
BRF:5
BRH:5
end_of_record
TN:
SF:src/app/shared/components/input/input.component.ts
FN:65,(anonymous_0)
FN:78,(anonymous_1)
FN:79,(anonymous_2)
FN:81,(anonymous_3)
FN:91,(anonymous_4)
FN:99,(anonymous_5)
FN:103,(anonymous_6)
FN:107,(anonymous_7)
FN:111,(anonymous_8)
FN:12,(anonymous_9)
FNF:10
FNH:0
FNDA:0,(anonymous_0)
FNDA:0,(anonymous_1)
FNDA:0,(anonymous_2)
FNDA:0,(anonymous_3)
FNDA:0,(anonymous_4)
FNDA:0,(anonymous_5)
FNDA:0,(anonymous_6)
FNDA:0,(anonymous_7)
FNDA:0,(anonymous_8)
FNDA:0,(anonymous_9)
DA:12,0
DA:65,1
DA:66,0
DA:67,0
DA:69,0
DA:70,0
DA:71,0
DA:75,0
DA:77,0
DA:78,0
DA:79,0
DA:82,0
DA:83,0
DA:86,0
DA:88,0
DA:92,0
DA:93,0
DA:94,0
DA:95,0
DA:100,0
DA:104,0
DA:108,0
DA:112,0
LF:23
LH:1
BRDA:83,0,0,0
BRDA:83,0,1,0
BRDA:86,1,0,0
BRDA:86,1,1,0
BRDA:100,2,0,0
BRDA:100,2,1,0
BRF:6
BRH:0
end_of_record
TN:
SF:src/app/shared/components/modal/modal.component.ts
FN:153,(anonymous_0)
FN:162,(anonymous_1)
FN:168,(anonymous_2)
FN:173,(anonymous_3)
FN:180,(anonymous_4)
FN:186,(anonymous_5)
FN:191,(anonymous_6)
FN:195,(anonymous_7)
FNF:8
FNH:3
FNDA:14,(anonymous_0)
FNDA:0,(anonymous_1)
FNDA:14,(anonymous_2)
FNDA:0,(anonymous_3)
FNDA:0,(anonymous_4)
FNDA:0,(anonymous_5)
FNDA:0,(anonymous_6)
FNDA:14,(anonymous_7)
DA:153,1
DA:154,14
DA:156,14
DA:157,14
DA:158,14
DA:160,14
DA:163,0
DA:164,0
DA:169,14
DA:174,0
DA:175,0
DA:176,0
DA:181,0
DA:182,0
DA:187,0
DA:188,0
DA:192,0
DA:196,14
LF:18
LH:8
BRDA:163,0,0,0
BRDA:174,1,0,0
BRDA:174,2,0,0
BRDA:174,2,1,0
BRDA:181,3,0,0
BRF:5
BRH:0
end_of_record
